Loading plugins phase: Elapsed time ==> 0s.188ms
<CYPRESSTAG name="CyDsfit arguments...">
cydsfit arguments: -.fdsnotice -.fdswarpdepfile=warp_dependencies.txt -.fdselabdepfile=elab_dependencies.txt -.fdsbldfile=generated_files.txt -.fdsreffile=referenced_files.txt -p C:\Users\janvl\Documents\HvA\HVA_EM2_IR_Project\Blinky.cydsn\Blinky.cyprj -d CY8C5888LTI-LP097 -s C:\Users\janvl\Documents\HvA\HVA_EM2_IR_Project\Blinky.cydsn\Generated_Source\PSoC5 -- -yv2 -q10 -ygs -o2 -v3 -.fftcfgtype=LE
</CYPRESSTAG>
<CYPRESSTAG name="Design elaboration results...">
</CYPRESSTAG>
Elaboration phase: Elapsed time ==> 1s.267ms
<CYPRESSTAG name="HDL generation results...">
</CYPRESSTAG>
HDL generation phase: Elapsed time ==> 0s.025ms
<CYPRESSTAG name="Synthesis results...">

     | | | | | | |
   _________________
  -|               |-
  -|               |-
  -|               |-
  -|    CYPRESS    |-
  -|               |-
  -|               |-   Warp Verilog Synthesis Compiler: Version 6.3 IR 41
  -|               |-   Copyright (C) 1991-2001 Cypress Semiconductor
   |_______________|
     | | | | | | |

======================================================================
Compiling:  Blinky.v
Program  :   C:\Program Files (x86)\Cypress\PSoC Creator\4.2\PSoC Creator\warp\bin\warp.exe
Options  :    -yv2 -q10 -ygs -o2 -v3 -.fftcfgtype=LE -ya -.fftprj=C:\Users\janvl\Documents\HvA\HVA_EM2_IR_Project\Blinky.cydsn\Blinky.cyprj -dcpsoc3 Blinky.v -verilog
======================================================================

======================================================================
Compiling:  Blinky.v
Program  :   C:\Program Files (x86)\Cypress\PSoC Creator\4.2\PSoC Creator\warp\bin\warp.exe
Options  :    -yv2 -q10 -ygs -o2 -v3 -.fftcfgtype=LE -ya -.fftprj=C:\Users\janvl\Documents\HvA\HVA_EM2_IR_Project\Blinky.cydsn\Blinky.cyprj -dcpsoc3 Blinky.v -verilog
======================================================================

======================================================================
Compiling:  Blinky.v
Program  :   vlogfe
Options  :    -yv2 -q10 -ygs -o2 -v3 -.fftcfgtype=LE -ya -.fftprj=C:\Users\janvl\Documents\HvA\HVA_EM2_IR_Project\Blinky.cydsn\Blinky.cyprj -dcpsoc3 -verilog Blinky.v
======================================================================

vlogfe V6.3 IR 41:  Verilog parser
Tue Feb 25 12:27:00 2020


======================================================================
Compiling:  Blinky.v
Program  :   vpp
Options  :    -yv2 -q10 Blinky.v
======================================================================

vpp V6.3 IR 41:  Verilog Pre-Processor
Tue Feb 25 12:27:00 2020

Flattening file 'C:\Program Files (x86)\Cypress\PSoC Creator\4.2\PSoC Creator\psoc\content\CyPrimitives\cyprimitives.cylib\CyControlReg_v1_80\CyControlReg_v1_80.v'
Flattening file 'C:\Program Files (x86)\Cypress\PSoC Creator\4.2\PSoC Creator\warp\lib\common\cypress.v'
Flattening file 'C:\Program Files (x86)\Cypress\PSoC Creator\4.2\PSoC Creator\warp\lib\common\cy_psoc3_inc.v'
Flattening file 'C:\Program Files (x86)\Cypress\PSoC Creator\4.2\PSoC Creator\psoc\content\CyComponentLibrary\CyComponentLibrary.cylib\B_PWM_v3_30\B_PWM_v3_30.v'
Flattening file 'C:\Program Files (x86)\Cypress\PSoC Creator\4.2\PSoC Creator\warp\lib\common\cypress.v'
Flattening file 'C:\Program Files (x86)\Cypress\PSoC Creator\4.2\PSoC Creator\psoc\content\CyPrimitives\cyprimitives.cylib\cy_virtualmux_v1_0\cy_virtualmux_v1_0.v'
Flattening file 'C:\Program Files (x86)\Cypress\PSoC Creator\4.2\PSoC Creator\psoc\content\CyPrimitives\cyprimitives.cylib\OneTerminal\OneTerminal.v'
Flattening file 'C:\Program Files (x86)\Cypress\PSoC Creator\4.2\PSoC Creator\psoc\content\CyPrimitives\cyprimitives.cylib\ZeroTerminal\ZeroTerminal.v'
Flattening file 'C:\Program Files (x86)\Cypress\PSoC Creator\4.2\PSoC Creator\psoc\content\CyPrimitives\cyprimitives.cylib\cy_constant_v1_0\cy_constant_v1_0.v'
Flattening file 'C:\Program Files (x86)\Cypress\PSoC Creator\4.2\PSoC Creator\psoc\content\CyPrimitives\cyprimitives.cylib\and_v1_0\and_v1_0.v'

vpp:  No errors.

Library 'work' => directory 'lcpsoc3'
General_symbol_table
General_symbol_table
Linking 'C:\Program Files (x86)\Cypress\PSoC Creator\4.2\PSoC Creator\warp\lib\common\std.vhd'.
Linking 'C:\Program Files (x86)\Cypress\PSoC Creator\4.2\PSoC Creator\warp\lib\common\cypress.vhd'.
Linking 'C:\Program Files (x86)\Cypress\PSoC Creator\4.2\PSoC Creator\warp\lib\common\work\cypress.vif'.
Linking 'C:\Program Files (x86)\Cypress\PSoC Creator\4.2\PSoC Creator\warp\lib\ieee\work\stdlogic.vif'.
Linking 'C:\Program Files (x86)\Cypress\PSoC Creator\4.2\PSoC Creator\warp\lib\common\stdlogic\lpmpkg.vif'.
Linking 'C:\Program Files (x86)\Cypress\PSoC Creator\4.2\PSoC Creator\warp\lib\common\stdlogic\rtlpkg.vif'.
Linking 'C:\Program Files (x86)\Cypress\PSoC Creator\4.2\PSoC Creator\warp\lib\common\stdlogic\mod_cnst.vif'.
Linking 'C:\Program Files (x86)\Cypress\PSoC Creator\4.2\PSoC Creator\warp\lib\common\stdlogic\mod_mthv.vif'.
Linking 'C:\Program Files (x86)\Cypress\PSoC Creator\4.2\PSoC Creator\warp\lib\common\stdlogic\mod_genv.vif'.
Using control file 'Blinky.ctl'.
C:\Program Files (x86)\Cypress\PSoC Creator\4.2\PSoC Creator\psoc\content\CyComponentLibrary\CyComponentLibrary.cylib\B_PWM_v3_30\B_PWM_v3_30.v (line 947, col 46):  Note: Substituting module 'sub_vi_vv' for '-'.
C:\Program Files (x86)\Cypress\PSoC Creator\4.2\PSoC Creator\psoc\content\CyComponentLibrary\CyComponentLibrary.cylib\B_PWM_v3_30\B_PWM_v3_30.v (line 977, col 46):  Note: Substituting module 'add_vi_vv' for '+'.
Linking 'C:\Program Files (x86)\Cypress\PSoC Creator\4.2\PSoC Creator\warp\lib\common\stdlogic\cy_psoc3pkg.vif'.
Linking 'C:\Program Files (x86)\Cypress\PSoC Creator\4.2\PSoC Creator\warp\lib\common\stdlogic\cy_psoc3.vif'.

vlogfe:  No errors.


======================================================================
Compiling:  Blinky.v
Program  :   tovif
Options  :    -yv2 -q10 -ygs -o2 -v3 -.fftcfgtype=LE -ya -.fftprj=C:\Users\janvl\Documents\HvA\HVA_EM2_IR_Project\Blinky.cydsn\Blinky.cyprj -dcpsoc3 -verilog Blinky.v
======================================================================

tovif V6.3 IR 41:  High-level synthesis
Tue Feb 25 12:27:00 2020

Linking 'C:\Program Files (x86)\Cypress\PSoC Creator\4.2\PSoC Creator\warp\lib\common\std.vhd'.
Linking 'C:\Program Files (x86)\Cypress\PSoC Creator\4.2\PSoC Creator\warp\lib\common\cypress.vhd'.
Linking 'C:\Program Files (x86)\Cypress\PSoC Creator\4.2\PSoC Creator\warp\lib\common\work\cypress.vif'.
Linking 'C:\Program Files (x86)\Cypress\PSoC Creator\4.2\PSoC Creator\warp\lib\ieee\work\stdlogic.vif'.
Linking 'C:\Program Files (x86)\Cypress\PSoC Creator\4.2\PSoC Creator\warp\lib\common\stdlogic\lpmpkg.vif'.
Linking 'C:\Program Files (x86)\Cypress\PSoC Creator\4.2\PSoC Creator\warp\lib\common\stdlogic\rtlpkg.vif'.
Linking 'C:\Program Files (x86)\Cypress\PSoC Creator\4.2\PSoC Creator\warp\lib\common\stdlogic\mod_cnst.vif'.
Linking 'C:\Program Files (x86)\Cypress\PSoC Creator\4.2\PSoC Creator\warp\lib\common\stdlogic\mod_mthv.vif'.
Linking 'C:\Program Files (x86)\Cypress\PSoC Creator\4.2\PSoC Creator\warp\lib\common\stdlogic\mod_genv.vif'.
Linking 'C:\Users\janvl\Documents\HvA\HVA_EM2_IR_Project\Blinky.cydsn\codegentemp\Blinky.ctl'.
Linking 'C:\Program Files (x86)\Cypress\PSoC Creator\4.2\PSoC Creator\psoc\content\CyPrimitives\cyprimitives.cylib\CyControlReg_v1_80\CyControlReg_v1_80.v'.
Linking 'C:\Program Files (x86)\Cypress\PSoC Creator\4.2\PSoC Creator\warp\lib\common\cypress.v'.
Linking 'C:\Program Files (x86)\Cypress\PSoC Creator\4.2\PSoC Creator\warp\lib\common\cy_psoc3_inc.v'.
Linking 'C:\Users\janvl\Documents\HvA\HVA_EM2_IR_Project\Blinky.cydsn\codegentemp\Blinky.v'.
Linking 'C:\Program Files (x86)\Cypress\PSoC Creator\4.2\PSoC Creator\psoc\content\CyComponentLibrary\CyComponentLibrary.cylib\B_PWM_v3_30\B_PWM_v3_30.v'.
Linking 'C:\Program Files (x86)\Cypress\PSoC Creator\4.2\PSoC Creator\psoc\content\CyPrimitives\cyprimitives.cylib\cy_virtualmux_v1_0\cy_virtualmux_v1_0.v'.
Linking 'C:\Program Files (x86)\Cypress\PSoC Creator\4.2\PSoC Creator\psoc\content\CyPrimitives\cyprimitives.cylib\OneTerminal\OneTerminal.v'.
Linking 'C:\Program Files (x86)\Cypress\PSoC Creator\4.2\PSoC Creator\psoc\content\CyPrimitives\cyprimitives.cylib\ZeroTerminal\ZeroTerminal.v'.
Linking 'C:\Program Files (x86)\Cypress\PSoC Creator\4.2\PSoC Creator\psoc\content\CyPrimitives\cyprimitives.cylib\cy_constant_v1_0\cy_constant_v1_0.v'.
Linking 'C:\Program Files (x86)\Cypress\PSoC Creator\4.2\PSoC Creator\psoc\content\CyPrimitives\cyprimitives.cylib\and_v1_0\and_v1_0.v'.
Linking 'C:\Program Files (x86)\Cypress\PSoC Creator\4.2\PSoC Creator\warp\lib\common\stdlogic\cy_psoc3pkg.vif'.
Linking 'C:\Program Files (x86)\Cypress\PSoC Creator\4.2\PSoC Creator\warp\lib\common\stdlogic\cy_psoc3.vif'.
Linking 'C:\Program Files (x86)\Cypress\PSoC Creator\4.2\PSoC Creator\warp\lib\lcpsoc3\stdlogic\mod_cnst.vif'.

tovif:  No errors.


======================================================================
Compiling:  Blinky.v
Program  :   topld
Options  :    -yv2 -q10 -ygs -o2 -v3 -.fftcfgtype=LE -ya -.fftprj=C:\Users\janvl\Documents\HvA\HVA_EM2_IR_Project\Blinky.cydsn\Blinky.cyprj -dcpsoc3 -verilog Blinky.v
======================================================================

topld V6.3 IR 41:  Synthesis and optimization
Tue Feb 25 12:27:00 2020

Linking 'C:\Program Files (x86)\Cypress\PSoC Creator\4.2\PSoC Creator\warp\lib\common\std.vhd'.
Linking 'C:\Program Files (x86)\Cypress\PSoC Creator\4.2\PSoC Creator\warp\lib\common\cypress.vhd'.
Linking 'C:\Program Files (x86)\Cypress\PSoC Creator\4.2\PSoC Creator\warp\lib\common\work\cypress.vif'.
Linking 'C:\Program Files (x86)\Cypress\PSoC Creator\4.2\PSoC Creator\warp\lib\ieee\work\stdlogic.vif'.
Linking 'C:\Program Files (x86)\Cypress\PSoC Creator\4.2\PSoC Creator\warp\lib\common\stdlogic\lpmpkg.vif'.
Linking 'C:\Program Files (x86)\Cypress\PSoC Creator\4.2\PSoC Creator\warp\lib\common\stdlogic\rtlpkg.vif'.
Linking 'C:\Program Files (x86)\Cypress\PSoC Creator\4.2\PSoC Creator\warp\lib\common\stdlogic\mod_cnst.vif'.
Linking 'C:\Program Files (x86)\Cypress\PSoC Creator\4.2\PSoC Creator\warp\lib\common\stdlogic\mod_mthv.vif'.
Linking 'C:\Program Files (x86)\Cypress\PSoC Creator\4.2\PSoC Creator\warp\lib\common\stdlogic\mod_genv.vif'.
Linking 'C:\Users\janvl\Documents\HvA\HVA_EM2_IR_Project\Blinky.cydsn\codegentemp\Blinky.ctl'.
Linking 'C:\Program Files (x86)\Cypress\PSoC Creator\4.2\PSoC Creator\psoc\content\CyPrimitives\cyprimitives.cylib\CyControlReg_v1_80\CyControlReg_v1_80.v'.
Linking 'C:\Program Files (x86)\Cypress\PSoC Creator\4.2\PSoC Creator\warp\lib\common\cypress.v'.
Linking 'C:\Program Files (x86)\Cypress\PSoC Creator\4.2\PSoC Creator\warp\lib\common\cy_psoc3_inc.v'.
Linking 'C:\Users\janvl\Documents\HvA\HVA_EM2_IR_Project\Blinky.cydsn\codegentemp\Blinky.v'.
Linking 'C:\Program Files (x86)\Cypress\PSoC Creator\4.2\PSoC Creator\psoc\content\CyComponentLibrary\CyComponentLibrary.cylib\B_PWM_v3_30\B_PWM_v3_30.v'.
Linking 'C:\Program Files (x86)\Cypress\PSoC Creator\4.2\PSoC Creator\psoc\content\CyPrimitives\cyprimitives.cylib\cy_virtualmux_v1_0\cy_virtualmux_v1_0.v'.
Linking 'C:\Program Files (x86)\Cypress\PSoC Creator\4.2\PSoC Creator\psoc\content\CyPrimitives\cyprimitives.cylib\OneTerminal\OneTerminal.v'.
Linking 'C:\Program Files (x86)\Cypress\PSoC Creator\4.2\PSoC Creator\psoc\content\CyPrimitives\cyprimitives.cylib\ZeroTerminal\ZeroTerminal.v'.
Linking 'C:\Program Files (x86)\Cypress\PSoC Creator\4.2\PSoC Creator\psoc\content\CyPrimitives\cyprimitives.cylib\cy_constant_v1_0\cy_constant_v1_0.v'.
Linking 'C:\Program Files (x86)\Cypress\PSoC Creator\4.2\PSoC Creator\psoc\content\CyPrimitives\cyprimitives.cylib\and_v1_0\and_v1_0.v'.
Linking 'C:\Program Files (x86)\Cypress\PSoC Creator\4.2\PSoC Creator\warp\lib\common\stdlogic\cy_psoc3pkg.vif'.
Linking 'C:\Program Files (x86)\Cypress\PSoC Creator\4.2\PSoC Creator\warp\lib\common\stdlogic\cy_psoc3.vif'.
Linking 'C:\Program Files (x86)\Cypress\PSoC Creator\4.2\PSoC Creator\warp\lib\lcpsoc3\stdlogic\mod_cnst.vif'.
Linking 'C:\Program Files (x86)\Cypress\PSoC Creator\4.2\PSoC Creator\warp\lib\lcpsoc3\stdlogic\cpsoc3.vif'.

----------------------------------------------------------
Detecting unused logic.
----------------------------------------------------------
    User names
	Net_1054
	Net_1055
	Net_1056
	Net_1058
	Net_1059
	Net_1060
	Net_1061
	\IR_PWM:PWMUDB:km_run\
	\IR_PWM:PWMUDB:ctrl_cmpmode2_2\
	\IR_PWM:PWMUDB:ctrl_cmpmode2_1\
	\IR_PWM:PWMUDB:ctrl_cmpmode2_0\
	\IR_PWM:PWMUDB:ctrl_cmpmode1_2\
	\IR_PWM:PWMUDB:ctrl_cmpmode1_1\
	\IR_PWM:PWMUDB:ctrl_cmpmode1_0\
	\IR_PWM:PWMUDB:capt_rising\
	\IR_PWM:PWMUDB:capt_falling\
	\IR_PWM:PWMUDB:trig_rise\
	\IR_PWM:PWMUDB:trig_fall\
	\IR_PWM:PWMUDB:sc_kill\
	\IR_PWM:PWMUDB:min_kill\
	\IR_PWM:PWMUDB:km_tc\
	\IR_PWM:PWMUDB:db_tc\
	\IR_PWM:PWMUDB:dith_sel\
	\IR_PWM:PWMUDB:compare2\
	\IR_PWM:Net_101\
	Net_1175
	Net_1176
	\IR_PWM:PWMUDB:MODULE_1:b_31\
	\IR_PWM:PWMUDB:MODULE_1:b_30\
	\IR_PWM:PWMUDB:MODULE_1:b_29\
	\IR_PWM:PWMUDB:MODULE_1:b_28\
	\IR_PWM:PWMUDB:MODULE_1:b_27\
	\IR_PWM:PWMUDB:MODULE_1:b_26\
	\IR_PWM:PWMUDB:MODULE_1:b_25\
	\IR_PWM:PWMUDB:MODULE_1:b_24\
	\IR_PWM:PWMUDB:MODULE_1:b_23\
	\IR_PWM:PWMUDB:MODULE_1:b_22\
	\IR_PWM:PWMUDB:MODULE_1:b_21\
	\IR_PWM:PWMUDB:MODULE_1:b_20\
	\IR_PWM:PWMUDB:MODULE_1:b_19\
	\IR_PWM:PWMUDB:MODULE_1:b_18\
	\IR_PWM:PWMUDB:MODULE_1:b_17\
	\IR_PWM:PWMUDB:MODULE_1:b_16\
	\IR_PWM:PWMUDB:MODULE_1:b_15\
	\IR_PWM:PWMUDB:MODULE_1:b_14\
	\IR_PWM:PWMUDB:MODULE_1:b_13\
	\IR_PWM:PWMUDB:MODULE_1:b_12\
	\IR_PWM:PWMUDB:MODULE_1:b_11\
	\IR_PWM:PWMUDB:MODULE_1:b_10\
	\IR_PWM:PWMUDB:MODULE_1:b_9\
	\IR_PWM:PWMUDB:MODULE_1:b_8\
	\IR_PWM:PWMUDB:MODULE_1:b_7\
	\IR_PWM:PWMUDB:MODULE_1:b_6\
	\IR_PWM:PWMUDB:MODULE_1:b_5\
	\IR_PWM:PWMUDB:MODULE_1:b_4\
	\IR_PWM:PWMUDB:MODULE_1:b_3\
	\IR_PWM:PWMUDB:MODULE_1:b_2\
	\IR_PWM:PWMUDB:MODULE_1:b_1\
	\IR_PWM:PWMUDB:MODULE_1:b_0\
	\IR_PWM:PWMUDB:MODULE_1:g2:a0:a_31\
	\IR_PWM:PWMUDB:MODULE_1:g2:a0:a_30\
	\IR_PWM:PWMUDB:MODULE_1:g2:a0:a_29\
	\IR_PWM:PWMUDB:MODULE_1:g2:a0:a_28\
	\IR_PWM:PWMUDB:MODULE_1:g2:a0:a_27\
	\IR_PWM:PWMUDB:MODULE_1:g2:a0:a_26\
	\IR_PWM:PWMUDB:MODULE_1:g2:a0:a_25\
	\IR_PWM:PWMUDB:MODULE_1:g2:a0:a_24\
	\IR_PWM:PWMUDB:MODULE_1:g2:a0:b_31\
	\IR_PWM:PWMUDB:MODULE_1:g2:a0:b_30\
	\IR_PWM:PWMUDB:MODULE_1:g2:a0:b_29\
	\IR_PWM:PWMUDB:MODULE_1:g2:a0:b_28\
	\IR_PWM:PWMUDB:MODULE_1:g2:a0:b_27\
	\IR_PWM:PWMUDB:MODULE_1:g2:a0:b_26\
	\IR_PWM:PWMUDB:MODULE_1:g2:a0:b_25\
	\IR_PWM:PWMUDB:MODULE_1:g2:a0:b_24\
	\IR_PWM:PWMUDB:MODULE_1:g2:a0:b_23\
	\IR_PWM:PWMUDB:MODULE_1:g2:a0:b_22\
	\IR_PWM:PWMUDB:MODULE_1:g2:a0:b_21\
	\IR_PWM:PWMUDB:MODULE_1:g2:a0:b_20\
	\IR_PWM:PWMUDB:MODULE_1:g2:a0:b_19\
	\IR_PWM:PWMUDB:MODULE_1:g2:a0:b_18\
	\IR_PWM:PWMUDB:MODULE_1:g2:a0:b_17\
	\IR_PWM:PWMUDB:MODULE_1:g2:a0:b_16\
	\IR_PWM:PWMUDB:MODULE_1:g2:a0:b_15\
	\IR_PWM:PWMUDB:MODULE_1:g2:a0:b_14\
	\IR_PWM:PWMUDB:MODULE_1:g2:a0:b_13\
	\IR_PWM:PWMUDB:MODULE_1:g2:a0:b_12\
	\IR_PWM:PWMUDB:MODULE_1:g2:a0:b_11\
	\IR_PWM:PWMUDB:MODULE_1:g2:a0:b_10\
	\IR_PWM:PWMUDB:MODULE_1:g2:a0:b_9\
	\IR_PWM:PWMUDB:MODULE_1:g2:a0:b_8\
	\IR_PWM:PWMUDB:MODULE_1:g2:a0:b_7\
	\IR_PWM:PWMUDB:MODULE_1:g2:a0:b_6\
	\IR_PWM:PWMUDB:MODULE_1:g2:a0:b_5\
	\IR_PWM:PWMUDB:MODULE_1:g2:a0:b_4\
	\IR_PWM:PWMUDB:MODULE_1:g2:a0:b_3\
	\IR_PWM:PWMUDB:MODULE_1:g2:a0:b_2\
	\IR_PWM:PWMUDB:MODULE_1:g2:a0:b_1\
	\IR_PWM:PWMUDB:MODULE_1:g2:a0:b_0\
	\IR_PWM:PWMUDB:MODULE_1:g2:a0:s_31\
	\IR_PWM:PWMUDB:MODULE_1:g2:a0:s_30\
	\IR_PWM:PWMUDB:MODULE_1:g2:a0:s_29\
	\IR_PWM:PWMUDB:MODULE_1:g2:a0:s_28\
	\IR_PWM:PWMUDB:MODULE_1:g2:a0:s_27\
	\IR_PWM:PWMUDB:MODULE_1:g2:a0:s_26\
	\IR_PWM:PWMUDB:MODULE_1:g2:a0:s_25\
	\IR_PWM:PWMUDB:MODULE_1:g2:a0:s_24\
	\IR_PWM:PWMUDB:MODULE_1:g2:a0:s_23\
	\IR_PWM:PWMUDB:MODULE_1:g2:a0:s_22\
	\IR_PWM:PWMUDB:MODULE_1:g2:a0:s_21\
	\IR_PWM:PWMUDB:MODULE_1:g2:a0:s_20\
	\IR_PWM:PWMUDB:MODULE_1:g2:a0:s_19\
	\IR_PWM:PWMUDB:MODULE_1:g2:a0:s_18\
	\IR_PWM:PWMUDB:MODULE_1:g2:a0:s_17\
	\IR_PWM:PWMUDB:MODULE_1:g2:a0:s_16\
	\IR_PWM:PWMUDB:MODULE_1:g2:a0:s_15\
	\IR_PWM:PWMUDB:MODULE_1:g2:a0:s_14\
	\IR_PWM:PWMUDB:MODULE_1:g2:a0:s_13\
	\IR_PWM:PWMUDB:MODULE_1:g2:a0:s_12\
	\IR_PWM:PWMUDB:MODULE_1:g2:a0:s_11\
	\IR_PWM:PWMUDB:MODULE_1:g2:a0:s_10\
	\IR_PWM:PWMUDB:MODULE_1:g2:a0:s_9\
	\IR_PWM:PWMUDB:MODULE_1:g2:a0:s_8\
	\IR_PWM:PWMUDB:MODULE_1:g2:a0:s_7\
	\IR_PWM:PWMUDB:MODULE_1:g2:a0:s_6\
	\IR_PWM:PWMUDB:MODULE_1:g2:a0:s_5\
	\IR_PWM:PWMUDB:MODULE_1:g2:a0:s_4\
	\IR_PWM:PWMUDB:MODULE_1:g2:a0:s_3\
	\IR_PWM:PWMUDB:MODULE_1:g2:a0:s_2\
	\IR_PWM:PWMUDB:MODULE_1:g2:a0:g1:z1:s0:g1:u0:c_31\
	\IR_PWM:PWMUDB:MODULE_1:g2:a0:g1:z1:s0:g1:u0:c_30\
	\IR_PWM:PWMUDB:MODULE_1:g2:a0:g1:z1:s0:g1:u0:c_29\
	\IR_PWM:PWMUDB:MODULE_1:g2:a0:g1:z1:s0:g1:u0:c_28\
	\IR_PWM:PWMUDB:MODULE_1:g2:a0:g1:z1:s0:g1:u0:c_27\
	\IR_PWM:PWMUDB:MODULE_1:g2:a0:g1:z1:s0:g1:u0:c_26\
	\IR_PWM:PWMUDB:MODULE_1:g2:a0:g1:z1:s0:g1:u0:c_25\
	Net_1177
	Net_1174
	\IR_PWM:Net_113\
	\IR_PWM:Net_107\
	\IR_PWM:Net_114\

    Synthesized names
	\IR_PWM:PWMUDB:add_vi_vv_MODGEN_1_31\
	\IR_PWM:PWMUDB:add_vi_vv_MODGEN_1_30\
	\IR_PWM:PWMUDB:add_vi_vv_MODGEN_1_29\
	\IR_PWM:PWMUDB:add_vi_vv_MODGEN_1_28\
	\IR_PWM:PWMUDB:add_vi_vv_MODGEN_1_27\
	\IR_PWM:PWMUDB:add_vi_vv_MODGEN_1_26\
	\IR_PWM:PWMUDB:add_vi_vv_MODGEN_1_25\
	\IR_PWM:PWMUDB:add_vi_vv_MODGEN_1_24\
	\IR_PWM:PWMUDB:add_vi_vv_MODGEN_1_23\
	\IR_PWM:PWMUDB:add_vi_vv_MODGEN_1_22\
	\IR_PWM:PWMUDB:add_vi_vv_MODGEN_1_21\
	\IR_PWM:PWMUDB:add_vi_vv_MODGEN_1_20\
	\IR_PWM:PWMUDB:add_vi_vv_MODGEN_1_19\
	\IR_PWM:PWMUDB:add_vi_vv_MODGEN_1_18\
	\IR_PWM:PWMUDB:add_vi_vv_MODGEN_1_17\
	\IR_PWM:PWMUDB:add_vi_vv_MODGEN_1_16\
	\IR_PWM:PWMUDB:add_vi_vv_MODGEN_1_15\
	\IR_PWM:PWMUDB:add_vi_vv_MODGEN_1_14\
	\IR_PWM:PWMUDB:add_vi_vv_MODGEN_1_13\
	\IR_PWM:PWMUDB:add_vi_vv_MODGEN_1_12\
	\IR_PWM:PWMUDB:add_vi_vv_MODGEN_1_11\
	\IR_PWM:PWMUDB:add_vi_vv_MODGEN_1_10\
	\IR_PWM:PWMUDB:add_vi_vv_MODGEN_1_9\
	\IR_PWM:PWMUDB:add_vi_vv_MODGEN_1_8\
	\IR_PWM:PWMUDB:add_vi_vv_MODGEN_1_7\
	\IR_PWM:PWMUDB:add_vi_vv_MODGEN_1_6\
	\IR_PWM:PWMUDB:add_vi_vv_MODGEN_1_5\
	\IR_PWM:PWMUDB:add_vi_vv_MODGEN_1_4\
	\IR_PWM:PWMUDB:add_vi_vv_MODGEN_1_3\
	\IR_PWM:PWMUDB:add_vi_vv_MODGEN_1_2\

Deleted 141 User equations/components.
Deleted 30 Synthesized equations/components.

------------------------------------------------------
Alias Detection
------------------------------------------------------
Aliasing one to tmpOE__Pin_LED_net_0
Aliasing \Control_Reg_1:clk\ to zero
Aliasing \Control_Reg_1:rst\ to zero
Aliasing \IR_PWM:PWMUDB:hwCapture\ to zero
Aliasing \IR_PWM:PWMUDB:trig_out\ to tmpOE__Pin_LED_net_0
Aliasing Net_960 to zero
Aliasing \IR_PWM:PWMUDB:runmode_enable\\S\ to zero
Aliasing \IR_PWM:PWMUDB:ltch_kill_reg\\R\ to \IR_PWM:PWMUDB:runmode_enable\\R\
Aliasing \IR_PWM:PWMUDB:ltch_kill_reg\\S\ to zero
Aliasing \IR_PWM:PWMUDB:min_kill_reg\\R\ to \IR_PWM:PWMUDB:runmode_enable\\R\
Aliasing \IR_PWM:PWMUDB:min_kill_reg\\S\ to zero
Aliasing \IR_PWM:PWMUDB:final_kill\ to tmpOE__Pin_LED_net_0
Aliasing \IR_PWM:PWMUDB:dith_count_1\\R\ to \IR_PWM:PWMUDB:runmode_enable\\R\
Aliasing \IR_PWM:PWMUDB:dith_count_1\\S\ to zero
Aliasing \IR_PWM:PWMUDB:dith_count_0\\R\ to \IR_PWM:PWMUDB:runmode_enable\\R\
Aliasing \IR_PWM:PWMUDB:dith_count_0\\S\ to zero
Aliasing \IR_PWM:PWMUDB:status_6\ to zero
Aliasing \IR_PWM:PWMUDB:status_4\ to zero
Aliasing \IR_PWM:PWMUDB:cmp2\ to zero
Aliasing \IR_PWM:PWMUDB:cmp1_status_reg\\R\ to \IR_PWM:PWMUDB:runmode_enable\\R\
Aliasing \IR_PWM:PWMUDB:cmp1_status_reg\\S\ to zero
Aliasing \IR_PWM:PWMUDB:cmp2_status_reg\\R\ to \IR_PWM:PWMUDB:runmode_enable\\R\
Aliasing \IR_PWM:PWMUDB:cmp2_status_reg\\S\ to zero
Aliasing \IR_PWM:PWMUDB:final_kill_reg\\R\ to \IR_PWM:PWMUDB:runmode_enable\\R\
Aliasing \IR_PWM:PWMUDB:final_kill_reg\\S\ to zero
Aliasing \IR_PWM:PWMUDB:cs_addr_0\ to \IR_PWM:PWMUDB:runmode_enable\\R\
Aliasing \IR_PWM:PWMUDB:pwm1_i\ to zero
Aliasing \IR_PWM:PWMUDB:pwm2_i\ to zero
Aliasing \IR_PWM:PWMUDB:MODULE_1:g2:a0:a_23\ to zero
Aliasing \IR_PWM:PWMUDB:MODULE_1:g2:a0:a_22\ to zero
Aliasing \IR_PWM:PWMUDB:MODULE_1:g2:a0:a_21\ to zero
Aliasing \IR_PWM:PWMUDB:MODULE_1:g2:a0:a_20\ to zero
Aliasing \IR_PWM:PWMUDB:MODULE_1:g2:a0:a_19\ to zero
Aliasing \IR_PWM:PWMUDB:MODULE_1:g2:a0:a_18\ to zero
Aliasing \IR_PWM:PWMUDB:MODULE_1:g2:a0:a_17\ to zero
Aliasing \IR_PWM:PWMUDB:MODULE_1:g2:a0:a_16\ to zero
Aliasing \IR_PWM:PWMUDB:MODULE_1:g2:a0:a_15\ to zero
Aliasing \IR_PWM:PWMUDB:MODULE_1:g2:a0:a_14\ to zero
Aliasing \IR_PWM:PWMUDB:MODULE_1:g2:a0:a_13\ to zero
Aliasing \IR_PWM:PWMUDB:MODULE_1:g2:a0:a_12\ to zero
Aliasing \IR_PWM:PWMUDB:MODULE_1:g2:a0:a_11\ to zero
Aliasing \IR_PWM:PWMUDB:MODULE_1:g2:a0:a_10\ to zero
Aliasing \IR_PWM:PWMUDB:MODULE_1:g2:a0:a_9\ to zero
Aliasing \IR_PWM:PWMUDB:MODULE_1:g2:a0:a_8\ to zero
Aliasing \IR_PWM:PWMUDB:MODULE_1:g2:a0:a_7\ to zero
Aliasing \IR_PWM:PWMUDB:MODULE_1:g2:a0:a_6\ to zero
Aliasing \IR_PWM:PWMUDB:MODULE_1:g2:a0:a_5\ to zero
Aliasing \IR_PWM:PWMUDB:MODULE_1:g2:a0:a_4\ to zero
Aliasing \IR_PWM:PWMUDB:MODULE_1:g2:a0:a_3\ to zero
Aliasing \IR_PWM:PWMUDB:MODULE_1:g2:a0:a_2\ to zero
Aliasing \IR_PWM:PWMUDB:MODULE_1:g2:a0:g1:z1:s0:g1:u0:b_0\ to tmpOE__Pin_LED_net_0
Aliasing tmpOE__Pin_IR_net_0 to tmpOE__Pin_LED_net_0
Aliasing \IR_PWM:PWMUDB:min_kill_reg\\D\ to tmpOE__Pin_LED_net_0
Aliasing \IR_PWM:PWMUDB:prevCapture\\D\ to zero
Aliasing \IR_PWM:PWMUDB:trig_last\\D\ to zero
Aliasing \IR_PWM:PWMUDB:ltch_kill_reg\\D\ to tmpOE__Pin_LED_net_0
Aliasing \IR_PWM:PWMUDB:prevCompare1\\D\ to \IR_PWM:PWMUDB:pwm_temp\
Aliasing \IR_PWM:PWMUDB:tc_i_reg\\D\ to \IR_PWM:PWMUDB:status_2\
Removing Lhs of wire one[7] = tmpOE__Pin_LED_net_0[1]
Removing Lhs of wire \Control_Reg_1:clk\[14] = zero[2]
Removing Lhs of wire \Control_Reg_1:rst\[15] = zero[2]
Removing Rhs of wire Net_1065[16] = \Control_Reg_1:control_out_0\[17]
Removing Rhs of wire Net_1065[16] = \Control_Reg_1:control_0\[40]
Removing Lhs of wire \IR_PWM:PWMUDB:ctrl_enable\[55] = \IR_PWM:PWMUDB:control_7\[47]
Removing Lhs of wire \IR_PWM:PWMUDB:hwCapture\[65] = zero[2]
Removing Lhs of wire \IR_PWM:PWMUDB:hwEnable\[66] = \IR_PWM:PWMUDB:control_7\[47]
Removing Lhs of wire \IR_PWM:PWMUDB:trig_out\[70] = tmpOE__Pin_LED_net_0[1]
Removing Lhs of wire \IR_PWM:PWMUDB:runmode_enable\\R\[72] = zero[2]
Removing Lhs of wire Net_960[73] = zero[2]
Removing Lhs of wire \IR_PWM:PWMUDB:runmode_enable\\S\[74] = zero[2]
Removing Lhs of wire \IR_PWM:PWMUDB:final_enable\[75] = \IR_PWM:PWMUDB:runmode_enable\[71]
Removing Lhs of wire \IR_PWM:PWMUDB:ltch_kill_reg\\R\[79] = zero[2]
Removing Lhs of wire \IR_PWM:PWMUDB:ltch_kill_reg\\S\[80] = zero[2]
Removing Lhs of wire \IR_PWM:PWMUDB:min_kill_reg\\R\[81] = zero[2]
Removing Lhs of wire \IR_PWM:PWMUDB:min_kill_reg\\S\[82] = zero[2]
Removing Lhs of wire \IR_PWM:PWMUDB:final_kill\[85] = tmpOE__Pin_LED_net_0[1]
Removing Lhs of wire \IR_PWM:PWMUDB:add_vi_vv_MODGEN_1_1\[89] = \IR_PWM:PWMUDB:MODULE_1:g2:a0:s_1\[376]
Removing Lhs of wire \IR_PWM:PWMUDB:add_vi_vv_MODGEN_1_0\[91] = \IR_PWM:PWMUDB:MODULE_1:g2:a0:s_0\[377]
Removing Lhs of wire \IR_PWM:PWMUDB:dith_count_1\\R\[92] = zero[2]
Removing Lhs of wire \IR_PWM:PWMUDB:dith_count_1\\S\[93] = zero[2]
Removing Lhs of wire \IR_PWM:PWMUDB:dith_count_0\\R\[94] = zero[2]
Removing Lhs of wire \IR_PWM:PWMUDB:dith_count_0\\S\[95] = zero[2]
Removing Lhs of wire \IR_PWM:PWMUDB:status_6\[98] = zero[2]
Removing Rhs of wire \IR_PWM:PWMUDB:status_5\[99] = \IR_PWM:PWMUDB:final_kill_reg\[113]
Removing Lhs of wire \IR_PWM:PWMUDB:status_4\[100] = zero[2]
Removing Rhs of wire \IR_PWM:PWMUDB:status_3\[101] = \IR_PWM:PWMUDB:fifo_full\[120]
Removing Rhs of wire \IR_PWM:PWMUDB:status_1\[103] = \IR_PWM:PWMUDB:cmp2_status_reg\[112]
Removing Rhs of wire \IR_PWM:PWMUDB:status_0\[104] = \IR_PWM:PWMUDB:cmp1_status_reg\[111]
Removing Lhs of wire \IR_PWM:PWMUDB:cmp2_status\[109] = zero[2]
Removing Lhs of wire \IR_PWM:PWMUDB:cmp2\[110] = zero[2]
Removing Lhs of wire \IR_PWM:PWMUDB:cmp1_status_reg\\R\[114] = zero[2]
Removing Lhs of wire \IR_PWM:PWMUDB:cmp1_status_reg\\S\[115] = zero[2]
Removing Lhs of wire \IR_PWM:PWMUDB:cmp2_status_reg\\R\[116] = zero[2]
Removing Lhs of wire \IR_PWM:PWMUDB:cmp2_status_reg\\S\[117] = zero[2]
Removing Lhs of wire \IR_PWM:PWMUDB:final_kill_reg\\R\[118] = zero[2]
Removing Lhs of wire \IR_PWM:PWMUDB:final_kill_reg\\S\[119] = zero[2]
Removing Lhs of wire \IR_PWM:PWMUDB:cs_addr_2\[121] = \IR_PWM:PWMUDB:tc_i\[77]
Removing Lhs of wire \IR_PWM:PWMUDB:cs_addr_1\[122] = \IR_PWM:PWMUDB:runmode_enable\[71]
Removing Lhs of wire \IR_PWM:PWMUDB:cs_addr_0\[123] = zero[2]
Removing Lhs of wire \IR_PWM:PWMUDB:compare1\[204] = \IR_PWM:PWMUDB:cmp1_less\[175]
Removing Lhs of wire \IR_PWM:PWMUDB:pwm1_i\[209] = zero[2]
Removing Lhs of wire \IR_PWM:PWMUDB:pwm2_i\[211] = zero[2]
Removing Rhs of wire \IR_PWM:Net_96\[214] = \IR_PWM:PWMUDB:pwm_i_reg\[206]
Removing Lhs of wire \IR_PWM:PWMUDB:pwm_temp\[217] = \IR_PWM:PWMUDB:cmp1\[107]
Removing Lhs of wire \IR_PWM:PWMUDB:MODULE_1:g2:a0:a_23\[258] = zero[2]
Removing Lhs of wire \IR_PWM:PWMUDB:MODULE_1:g2:a0:a_22\[259] = zero[2]
Removing Lhs of wire \IR_PWM:PWMUDB:MODULE_1:g2:a0:a_21\[260] = zero[2]
Removing Lhs of wire \IR_PWM:PWMUDB:MODULE_1:g2:a0:a_20\[261] = zero[2]
Removing Lhs of wire \IR_PWM:PWMUDB:MODULE_1:g2:a0:a_19\[262] = zero[2]
Removing Lhs of wire \IR_PWM:PWMUDB:MODULE_1:g2:a0:a_18\[263] = zero[2]
Removing Lhs of wire \IR_PWM:PWMUDB:MODULE_1:g2:a0:a_17\[264] = zero[2]
Removing Lhs of wire \IR_PWM:PWMUDB:MODULE_1:g2:a0:a_16\[265] = zero[2]
Removing Lhs of wire \IR_PWM:PWMUDB:MODULE_1:g2:a0:a_15\[266] = zero[2]
Removing Lhs of wire \IR_PWM:PWMUDB:MODULE_1:g2:a0:a_14\[267] = zero[2]
Removing Lhs of wire \IR_PWM:PWMUDB:MODULE_1:g2:a0:a_13\[268] = zero[2]
Removing Lhs of wire \IR_PWM:PWMUDB:MODULE_1:g2:a0:a_12\[269] = zero[2]
Removing Lhs of wire \IR_PWM:PWMUDB:MODULE_1:g2:a0:a_11\[270] = zero[2]
Removing Lhs of wire \IR_PWM:PWMUDB:MODULE_1:g2:a0:a_10\[271] = zero[2]
Removing Lhs of wire \IR_PWM:PWMUDB:MODULE_1:g2:a0:a_9\[272] = zero[2]
Removing Lhs of wire \IR_PWM:PWMUDB:MODULE_1:g2:a0:a_8\[273] = zero[2]
Removing Lhs of wire \IR_PWM:PWMUDB:MODULE_1:g2:a0:a_7\[274] = zero[2]
Removing Lhs of wire \IR_PWM:PWMUDB:MODULE_1:g2:a0:a_6\[275] = zero[2]
Removing Lhs of wire \IR_PWM:PWMUDB:MODULE_1:g2:a0:a_5\[276] = zero[2]
Removing Lhs of wire \IR_PWM:PWMUDB:MODULE_1:g2:a0:a_4\[277] = zero[2]
Removing Lhs of wire \IR_PWM:PWMUDB:MODULE_1:g2:a0:a_3\[278] = zero[2]
Removing Lhs of wire \IR_PWM:PWMUDB:MODULE_1:g2:a0:a_2\[279] = zero[2]
Removing Lhs of wire \IR_PWM:PWMUDB:MODULE_1:g2:a0:a_1\[280] = \IR_PWM:PWMUDB:MODIN1_1\[281]
Removing Lhs of wire \IR_PWM:PWMUDB:MODIN1_1\[281] = \IR_PWM:PWMUDB:dith_count_1\[88]
Removing Lhs of wire \IR_PWM:PWMUDB:MODULE_1:g2:a0:a_0\[282] = \IR_PWM:PWMUDB:MODIN1_0\[283]
Removing Lhs of wire \IR_PWM:PWMUDB:MODIN1_0\[283] = \IR_PWM:PWMUDB:dith_count_0\[90]
Removing Lhs of wire \IR_PWM:PWMUDB:MODULE_1:g2:a0:g1:z1:s0:g1:u0:c_0\[415] = tmpOE__Pin_LED_net_0[1]
Removing Lhs of wire \IR_PWM:PWMUDB:MODULE_1:g2:a0:g1:z1:s0:g1:u0:b_0\[416] = tmpOE__Pin_LED_net_0[1]
Removing Rhs of wire Net_1064[417] = \IR_PWM:Net_96\[214]
Removing Lhs of wire tmpOE__Pin_IR_net_0[424] = tmpOE__Pin_LED_net_0[1]
Removing Lhs of wire \IR_PWM:PWMUDB:min_kill_reg\\D\[431] = tmpOE__Pin_LED_net_0[1]
Removing Lhs of wire \IR_PWM:PWMUDB:prevCapture\\D\[432] = zero[2]
Removing Lhs of wire \IR_PWM:PWMUDB:trig_last\\D\[433] = zero[2]
Removing Lhs of wire \IR_PWM:PWMUDB:ltch_kill_reg\\D\[436] = tmpOE__Pin_LED_net_0[1]
Removing Lhs of wire \IR_PWM:PWMUDB:prevCompare1\\D\[439] = \IR_PWM:PWMUDB:cmp1\[107]
Removing Lhs of wire \IR_PWM:PWMUDB:cmp1_status_reg\\D\[440] = \IR_PWM:PWMUDB:cmp1_status\[108]
Removing Lhs of wire \IR_PWM:PWMUDB:cmp2_status_reg\\D\[441] = zero[2]
Removing Lhs of wire \IR_PWM:PWMUDB:pwm_i_reg\\D\[443] = \IR_PWM:PWMUDB:pwm_i\[207]
Removing Lhs of wire \IR_PWM:PWMUDB:pwm1_i_reg\\D\[444] = zero[2]
Removing Lhs of wire \IR_PWM:PWMUDB:pwm2_i_reg\\D\[445] = zero[2]
Removing Lhs of wire \IR_PWM:PWMUDB:tc_i_reg\\D\[446] = \IR_PWM:PWMUDB:status_2\[102]

------------------------------------------------------
Aliased 0 equations, 87 wires.
------------------------------------------------------

----------------------------------------------------------
Circuit simplification
----------------------------------------------------------

Substituting virtuals - pass 1:

Note:  Expanding virtual equation for 'tmpOE__Pin_LED_net_0' (cost = 0):
tmpOE__Pin_LED_net_0 <=  ('1') ;

Note:  Expanding virtual equation for 'zero' (cost = 0):
zero <=  ('0') ;

Note:  Expanding virtual equation for '\IR_PWM:PWMUDB:cmp1\' (cost = 0):
\IR_PWM:PWMUDB:cmp1\ <= (\IR_PWM:PWMUDB:cmp1_less\);

Note:  Expanding virtual equation for '\IR_PWM:PWMUDB:MODULE_1:g2:a0:g1:z1:s0:g1:u0:c_1\' (cost = 0):
\IR_PWM:PWMUDB:MODULE_1:g2:a0:g1:z1:s0:g1:u0:c_1\ <= (\IR_PWM:PWMUDB:dith_count_0\);

Note:  Expanding virtual equation for '\IR_PWM:PWMUDB:MODULE_1:g2:a0:s_0\' (cost = 0):
\IR_PWM:PWMUDB:MODULE_1:g2:a0:s_0\ <= (not \IR_PWM:PWMUDB:dith_count_0\);

Note:  Expanding virtual equation for '\IR_PWM:PWMUDB:MODULE_1:g2:a0:g1:z1:s0:g1:u0:c_17\' (cost = 0):
\IR_PWM:PWMUDB:MODULE_1:g2:a0:g1:z1:s0:g1:u0:c_17\ <=  ('0') ;

Note:  Expanding virtual equation for '\IR_PWM:PWMUDB:MODULE_1:g2:a0:g1:z1:s0:g1:u0:c_9\' (cost = 0):
\IR_PWM:PWMUDB:MODULE_1:g2:a0:g1:z1:s0:g1:u0:c_9\ <=  ('0') ;

Note:  Expanding virtual equation for '\IR_PWM:PWMUDB:MODULE_1:g2:a0:g1:z1:s0:g1:u0:c_2\' (cost = 0):
\IR_PWM:PWMUDB:MODULE_1:g2:a0:g1:z1:s0:g1:u0:c_2\ <= ((\IR_PWM:PWMUDB:dith_count_1\ and \IR_PWM:PWMUDB:dith_count_0\));


Substituting virtuals - pass 2:

Note:  Expanding virtual equation for '\IR_PWM:PWMUDB:MODULE_1:g2:a0:s_1\' (cost = 2):
\IR_PWM:PWMUDB:MODULE_1:g2:a0:s_1\ <= ((not \IR_PWM:PWMUDB:dith_count_0\ and \IR_PWM:PWMUDB:dith_count_1\)
	OR (not \IR_PWM:PWMUDB:dith_count_1\ and \IR_PWM:PWMUDB:dith_count_0\));

Note:  Expanding virtual equation for '\IR_PWM:PWMUDB:MODULE_1:g2:a0:g1:z1:s0:g1:u0:c_18\' (cost = 0):
\IR_PWM:PWMUDB:MODULE_1:g2:a0:g1:z1:s0:g1:u0:c_18\ <=  ('0') ;

Note:  Expanding virtual equation for '\IR_PWM:PWMUDB:MODULE_1:g2:a0:g1:z1:s0:g1:u0:c_10\' (cost = 0):
\IR_PWM:PWMUDB:MODULE_1:g2:a0:g1:z1:s0:g1:u0:c_10\ <=  ('0') ;

Note:  Expanding virtual equation for '\IR_PWM:PWMUDB:MODULE_1:g2:a0:g1:z1:s0:g1:u0:c_3\' (cost = 0):
\IR_PWM:PWMUDB:MODULE_1:g2:a0:g1:z1:s0:g1:u0:c_3\ <=  ('0') ;


Substituting virtuals - pass 3:

Note:  Expanding virtual equation for '\IR_PWM:PWMUDB:MODULE_1:g2:a0:g1:z1:s0:g1:u0:c_19\' (cost = 0):
\IR_PWM:PWMUDB:MODULE_1:g2:a0:g1:z1:s0:g1:u0:c_19\ <=  ('0') ;

Note:  Expanding virtual equation for '\IR_PWM:PWMUDB:MODULE_1:g2:a0:g1:z1:s0:g1:u0:c_11\' (cost = 0):
\IR_PWM:PWMUDB:MODULE_1:g2:a0:g1:z1:s0:g1:u0:c_11\ <=  ('0') ;

Note:  Expanding virtual equation for '\IR_PWM:PWMUDB:MODULE_1:g2:a0:g1:z1:s0:g1:u0:c_4\' (cost = 0):
\IR_PWM:PWMUDB:MODULE_1:g2:a0:g1:z1:s0:g1:u0:c_4\ <=  ('0') ;


Substituting virtuals - pass 4:

Note:  Expanding virtual equation for '\IR_PWM:PWMUDB:MODULE_1:g2:a0:g1:z1:s0:g1:u0:c_20\' (cost = 0):
\IR_PWM:PWMUDB:MODULE_1:g2:a0:g1:z1:s0:g1:u0:c_20\ <=  ('0') ;

Note:  Expanding virtual equation for '\IR_PWM:PWMUDB:MODULE_1:g2:a0:g1:z1:s0:g1:u0:c_12\' (cost = 0):
\IR_PWM:PWMUDB:MODULE_1:g2:a0:g1:z1:s0:g1:u0:c_12\ <=  ('0') ;

Note:  Expanding virtual equation for '\IR_PWM:PWMUDB:MODULE_1:g2:a0:g1:z1:s0:g1:u0:c_5\' (cost = 0):
\IR_PWM:PWMUDB:MODULE_1:g2:a0:g1:z1:s0:g1:u0:c_5\ <=  ('0') ;


Substituting virtuals - pass 5:

Note:  Expanding virtual equation for '\IR_PWM:PWMUDB:MODULE_1:g2:a0:g1:z1:s0:g1:u0:c_21\' (cost = 0):
\IR_PWM:PWMUDB:MODULE_1:g2:a0:g1:z1:s0:g1:u0:c_21\ <=  ('0') ;

Note:  Expanding virtual equation for '\IR_PWM:PWMUDB:MODULE_1:g2:a0:g1:z1:s0:g1:u0:c_13\' (cost = 0):
\IR_PWM:PWMUDB:MODULE_1:g2:a0:g1:z1:s0:g1:u0:c_13\ <=  ('0') ;

Note:  Expanding virtual equation for '\IR_PWM:PWMUDB:MODULE_1:g2:a0:g1:z1:s0:g1:u0:c_6\' (cost = 0):
\IR_PWM:PWMUDB:MODULE_1:g2:a0:g1:z1:s0:g1:u0:c_6\ <=  ('0') ;


Substituting virtuals - pass 6:

Note:  Expanding virtual equation for '\IR_PWM:PWMUDB:MODULE_1:g2:a0:g1:z1:s0:g1:u0:c_22\' (cost = 0):
\IR_PWM:PWMUDB:MODULE_1:g2:a0:g1:z1:s0:g1:u0:c_22\ <=  ('0') ;

Note:  Expanding virtual equation for '\IR_PWM:PWMUDB:MODULE_1:g2:a0:g1:z1:s0:g1:u0:c_14\' (cost = 0):
\IR_PWM:PWMUDB:MODULE_1:g2:a0:g1:z1:s0:g1:u0:c_14\ <=  ('0') ;

Note:  Expanding virtual equation for '\IR_PWM:PWMUDB:MODULE_1:g2:a0:g1:z1:s0:g1:u0:c_7\' (cost = 0):
\IR_PWM:PWMUDB:MODULE_1:g2:a0:g1:z1:s0:g1:u0:c_7\ <=  ('0') ;


Substituting virtuals - pass 7:

Note:  Expanding virtual equation for '\IR_PWM:PWMUDB:MODULE_1:g2:a0:g1:z1:s0:g1:u0:c_23\' (cost = 0):
\IR_PWM:PWMUDB:MODULE_1:g2:a0:g1:z1:s0:g1:u0:c_23\ <=  ('0') ;

Note:  Expanding virtual equation for '\IR_PWM:PWMUDB:MODULE_1:g2:a0:g1:z1:s0:g1:u0:c_15\' (cost = 0):
\IR_PWM:PWMUDB:MODULE_1:g2:a0:g1:z1:s0:g1:u0:c_15\ <=  ('0') ;


Substituting virtuals - pass 8:


----------------------------------------------------------
Circuit simplification results:

	Expanded 26 signals.
	Turned 0 signals into soft nodes.
	Maximum default expansion cost was set at 3.
----------------------------------------------------------

------------------------------------------------------
Alias Detection
------------------------------------------------------
Aliasing \IR_PWM:PWMUDB:final_capture\ to zero
Aliasing \IR_PWM:PWMUDB:MODULE_1:g2:a0:g1:z1:s0:g1:u0:b_24\ to zero
Aliasing \IR_PWM:PWMUDB:MODULE_1:g2:a0:g1:z1:s0:g1:u0:b_16\ to zero
Aliasing \IR_PWM:PWMUDB:MODULE_1:g2:a0:g1:z1:s0:g1:u0:b_8\ to zero
Aliasing \IR_PWM:PWMUDB:final_kill_reg\\D\ to zero
Removing Lhs of wire \IR_PWM:PWMUDB:final_capture\[125] = zero[2]
Removing Lhs of wire \IR_PWM:PWMUDB:MODULE_1:g2:a0:g1:z1:s0:g1:u0:b_24\[386] = zero[2]
Removing Lhs of wire \IR_PWM:PWMUDB:MODULE_1:g2:a0:g1:z1:s0:g1:u0:b_16\[396] = zero[2]
Removing Lhs of wire \IR_PWM:PWMUDB:MODULE_1:g2:a0:g1:z1:s0:g1:u0:b_8\[406] = zero[2]
Removing Lhs of wire \IR_PWM:PWMUDB:runmode_enable\\D\[434] = \IR_PWM:PWMUDB:control_7\[47]
Removing Lhs of wire \IR_PWM:PWMUDB:final_kill_reg\\D\[442] = zero[2]

------------------------------------------------------
Aliased 0 equations, 6 wires.
------------------------------------------------------

----------------------------------------------------------
Circuit simplification
----------------------------------------------------------

Eliminating unused logic - pass 1:


Eliminating unused logic - pass 2:


Substituting virtuals - pass 1:


----------------------------------------------------------
Circuit simplification results:

	Expanded 0 signals.
	Turned 0 signals into soft nodes.
	Maximum default expansion cost was set at 3.
----------------------------------------------------------

topld:  No errors.

CYPRESS_DIR    : C:\Program Files (x86)\Cypress\PSoC Creator\4.2\PSoC Creator\warp
Warp Program   : C:\Program Files (x86)\Cypress\PSoC Creator\4.2\PSoC Creator\warp\bin\warp.exe
Warp Arguments : -yv2 -q10 -ygs -o2 -v3 -.fftcfgtype=LE -ya -.fftprj=C:\Users\janvl\Documents\HvA\HVA_EM2_IR_Project\Blinky.cydsn\Blinky.cyprj -dcpsoc3 Blinky.v -verilog
</CYPRESSTAG>
Warp synthesis phase: Elapsed time ==> 0s.789ms
<CYPRESSTAG name="Fitter results...">
<CYPRESSTAG name="Fitter startup details...">
cyp3fit: V4.2.0.641, Family: PSoC3, Started at: Tuesday, 25 February 2020 12:27:00
Options: -yv2 -q10 -ygs -o2 -v3 -.fftcfgtype=LE -ya -.fftprj=C:\Users\janvl\Documents\HvA\HVA_EM2_IR_Project\Blinky.cydsn\Blinky.cyprj -d CY8C5888LTI-LP097 Blinky.v -verilog
</CYPRESSTAG>
<CYPRESSTAG name="Design parsing">
Design parsing phase: Elapsed time ==> 0s.008ms
</CYPRESSTAG>
<CYPRESSTAG name="Tech Mapping">
<CYPRESSTAG name="Initial Mapping" icon="FILE_RPT_TECHM">
    Removed wire end \IR_PWM:PWMUDB:MODULE_1:g2:a0:g1:z1:s0:g1:u0:c_24\ kept zero
    Removed wire end \IR_PWM:PWMUDB:MODULE_1:g2:a0:g1:z1:s0:g1:u0:c_16\ kept zero
    Removed wire end \IR_PWM:PWMUDB:MODULE_1:g2:a0:g1:z1:s0:g1:u0:c_8\ kept zero
    Converted constant MacroCell: \IR_PWM:PWMUDB:prevCapture\ from registered to combinatorial
    Converted constant MacroCell: \IR_PWM:PWMUDB:trig_last\ from registered to combinatorial
    Converted constant MacroCell: \IR_PWM:PWMUDB:status_1\ from registered to combinatorial
    Converted constant MacroCell: \IR_PWM:PWMUDB:status_5\ from registered to combinatorial
    Converted constant MacroCell: \IR_PWM:PWMUDB:pwm1_i_reg\ from registered to combinatorial
    Converted constant MacroCell: \IR_PWM:PWMUDB:pwm2_i_reg\ from registered to combinatorial
<CYPRESSTAG name="Global Clock Selection" icon="FILE_RPT_TECHM">
    Digital Clock 0: Automatic-assigning  clock 'Clock_1'. Fanout=1, Signal=Net_865
</CYPRESSTAG>

Removing unused cells resulting from optimization
Done removing unused cells.
<CYPRESSTAG name="UDB Clock/Enable Remapping Results">
    UDB Clk/Enable \IR_PWM:PWMUDB:clock_enable_block\: with output requested to be synchronous
        ClockIn: Clock_1 was determined to be a global clock that is synchronous to BUS_CLK
        EnableIn: Constant 1 was determined to be synchronous to ClockIn
        ClockOut: Clock_1, EnableOut: Constant 1
</CYPRESSTAG>

Removing unused cells resulting from optimization
Done removing unused cells.
<CYPRESSTAG name="Duplicate Macrocell detection">
</CYPRESSTAG>
</CYPRESSTAG>
<CYPRESSTAG name="Duplicate Macrocell detection">

Removing unused cells resulting from optimization
Done removing unused cells.
</CYPRESSTAG>
<CYPRESSTAG name="Design Equations" icon="FILE_RPT_EQUATION">

------------------------------------------------------------
Design Equations
------------------------------------------------------------
    <CYPRESSTAG name="Pin listing">

    ------------------------------------------------------------
    Pin listing
    ------------------------------------------------------------

    Pin : Name = Pin_LED(0)
        Attributes:
            In Group/Port: True
            In Sync Option: AUTO
            Out Sync Option: NOSYNC
            Interrupt generated: False
            Interrupt mode: NONE
            Drive mode: CMOS_OUT
            VTrip: EITHER
            Slew: FAST
            Input Sync needed: False
            Output Sync needed: False
            SC shield enabled: False
            POR State: ANY
            LCD Mode: COMMON
            Register Mode: RegComb
            CaSense Mode: NEITHER
            Treat as pin: True
            Is OE Registered: False
            Uses Analog: False
            Can contain Digital: True
            Is SIO: False
            SIO Output Buf: NONREGULATED
            SIO Input Buf: SINGLE_ENDED
            SIO HiFreq: LOW
            SIO Hyst: DISABLED
            SIO Vtrip: MULTIPLIER_0_5
            SIO Multiplier Index: 0
            SIO RefSel: VCC_IO
            Required Capabilities: DIGITAL
            Initial Value: 0
            IO Voltage: 0
        PORT MAP (
            pa_out => Pin_LED(0)__PA ,
            annotation => Net_2 ,
            pad => Pin_LED(0)_PAD );
        Properties:
        {
        }

    Pin : Name = Pin_IR(0)
        Attributes:
            In Group/Port: True
            In Sync Option: AUTO
            Out Sync Option: NOSYNC
            Interrupt generated: False
            Interrupt mode: NONE
            Drive mode: CMOS_OUT
            VTrip: EITHER
            Slew: FAST
            Input Sync needed: False
            Output Sync needed: False
            SC shield enabled: False
            POR State: ANY
            LCD Mode: COMMON
            Register Mode: RegComb
            CaSense Mode: NEITHER
            Treat as pin: True
            Is OE Registered: False
            Uses Analog: False
            Can contain Digital: True
            Is SIO: False
            SIO Output Buf: NONREGULATED
            SIO Input Buf: SINGLE_ENDED
            SIO HiFreq: LOW
            SIO Hyst: DISABLED
            SIO Vtrip: MULTIPLIER_0_5
            SIO Multiplier Index: 0
            SIO RefSel: VCC_IO
            Required Capabilities: DIGITAL, ROUTABLE
            Initial Value: 0
            IO Voltage: 0
        PORT MAP (
            pa_out => Pin_IR(0)__PA ,
            pin_input => Net_1066 ,
            pad => Pin_IR(0)_PAD );
        Properties:
        {
        }
    </CYPRESSTAG>
    <CYPRESSTAG name="Macrocell listing" icon="FILE_RPT_EQUATION">

    ------------------------------------------------------------
    Macrocell listing
    ------------------------------------------------------------

    MacroCell: Name=\IR_PWM:PWMUDB:status_2\, Mode=(Combinatorial)
        Total # of inputs        : 2
        Total # of product terms : 1
            Clock Enable: True
        Main Equation            : 1 pterm
        (
              \IR_PWM:PWMUDB:runmode_enable\ * \IR_PWM:PWMUDB:tc_i\
        );
        Output = \IR_PWM:PWMUDB:status_2\ (fanout=1)

    MacroCell: Name=Net_1066, Mode=(Combinatorial)
        Total # of inputs        : 2
        Total # of product terms : 1
            Clock Enable: True
        Main Equation            : 1 pterm
        (
              Net_1065 * Net_1064
        );
        Output = Net_1066 (fanout=1)

    MacroCell: Name=\IR_PWM:PWMUDB:runmode_enable\, Mode=(D-Register)
        Total # of inputs        : 1
        Total # of product terms : 1
        List of special equations: 
            Clock  = (Net_865) => Global
            Clock Enable: True
        Main Equation            : 1 pterm
        (
              \IR_PWM:PWMUDB:control_7\
        );
        Output = \IR_PWM:PWMUDB:runmode_enable\ (fanout=4)

    MacroCell: Name=\IR_PWM:PWMUDB:prevCompare1\, Mode=(D-Register)
        Total # of inputs        : 1
        Total # of product terms : 1
        List of special equations: 
            Clock  = (Net_865) => Global
            Clock Enable: True
        Main Equation            : 1 pterm
        (
              \IR_PWM:PWMUDB:cmp1_less\
        );
        Output = \IR_PWM:PWMUDB:prevCompare1\ (fanout=1)

    MacroCell: Name=\IR_PWM:PWMUDB:status_0\, Mode=(D-Register)
        Total # of inputs        : 2
        Total # of product terms : 1
        List of special equations: 
            Clock  = (Net_865) => Global
            Clock Enable: True
        Main Equation            : 1 pterm
        (
              !\IR_PWM:PWMUDB:prevCompare1\ * \IR_PWM:PWMUDB:cmp1_less\
        );
        Output = \IR_PWM:PWMUDB:status_0\ (fanout=1)

    MacroCell: Name=Net_1064, Mode=(D-Register)
        Total # of inputs        : 2
        Total # of product terms : 1
        List of special equations: 
            Clock  = (Net_865) => Global
            Clock Enable: True
        Main Equation            : 1 pterm
        (
              \IR_PWM:PWMUDB:runmode_enable\ * \IR_PWM:PWMUDB:cmp1_less\
        );
        Output = Net_1064 (fanout=1)
    </CYPRESSTAG>
    <CYPRESSTAG name="Datapath listing">

    ------------------------------------------------------------
    Datapath listing
    ------------------------------------------------------------

    datapathcell: Name =\IR_PWM:PWMUDB:sP16:pwmdp:u0\
        PORT MAP (
            clock => Net_865 ,
            cs_addr_2 => \IR_PWM:PWMUDB:tc_i\ ,
            cs_addr_1 => \IR_PWM:PWMUDB:runmode_enable\ ,
            chain_out => \IR_PWM:PWMUDB:sP16:pwmdp:carry\ );
        Properties:
        {
            a0_init = "00000000"
            a1_init = "00000000"
            ce0_sync = 1
            ce1_sync = 1
            cl0_sync = 1
            cl1_sync = 1
            cmsb_sync = 1
            co_msb_sync = 1
            cy_dpconfig = "0000000001000000000000001100000001000000010000000000000011000000000000001100000000000000110000000000000011000000000000001100000011111111000000001111111111111111101000000000000000000100000000000000000000011000"
            d0_init = "00000000"
            d1_init = "00000000"
            f0_blk_sync = 1
            f0_bus_sync = 1
            f1_blk_sync = 1
            f1_bus_sync = 1
            ff0_sync = 1
            ff1_sync = 1
            ov_msb_sync = 1
            so_sync = 1
            z0_sync = 1
            z1_sync = 1
        }
        Clock Polarity: Active High
        Clock Enable: True
        Next in chain : \IR_PWM:PWMUDB:sP16:pwmdp:u1\

    datapathcell: Name =\IR_PWM:PWMUDB:sP16:pwmdp:u1\
        PORT MAP (
            clock => Net_865 ,
            cs_addr_2 => \IR_PWM:PWMUDB:tc_i\ ,
            cs_addr_1 => \IR_PWM:PWMUDB:runmode_enable\ ,
            cl0_comb => \IR_PWM:PWMUDB:cmp1_less\ ,
            z0_comb => \IR_PWM:PWMUDB:tc_i\ ,
            f1_blk_stat_comb => \IR_PWM:PWMUDB:status_3\ ,
            chain_in => \IR_PWM:PWMUDB:sP16:pwmdp:carry\ );
        Properties:
        {
            a0_init = "00000000"
            a1_init = "00000000"
            ce0_sync = 1
            ce1_sync = 1
            cl0_sync = 1
            cl1_sync = 1
            cmsb_sync = 1
            co_msb_sync = 1
            cy_dpconfig = "0000000001000000000000001100000001000000010000000000000011000000000000001100000000000000110000000000000011000000000000001100000011111111000000001111111111111111101011110000000000000100000011110000000000011000"
            d0_init = "00000000"
            d1_init = "00000000"
            f0_blk_sync = 1
            f0_bus_sync = 1
            f1_blk_sync = 1
            f1_bus_sync = 1
            ff0_sync = 1
            ff1_sync = 1
            ov_msb_sync = 1
            so_sync = 1
            z0_sync = 1
            z1_sync = 1
        }
        Clock Polarity: Active High
        Clock Enable: True
        Previous in chain : \IR_PWM:PWMUDB:sP16:pwmdp:u0\
    </CYPRESSTAG>
    <CYPRESSTAG name="Status register listing">
    </CYPRESSTAG>
    <CYPRESSTAG name="StatusI register listing">

    ------------------------------------------------------------
    StatusI register listing
    ------------------------------------------------------------

    statusicell: Name =\IR_PWM:PWMUDB:genblk8:stsreg\
        PORT MAP (
            clock => Net_865 ,
            status_3 => \IR_PWM:PWMUDB:status_3\ ,
            status_2 => \IR_PWM:PWMUDB:status_2\ ,
            status_0 => \IR_PWM:PWMUDB:status_0\ );
        Properties:
        {
            cy_force_order = 1
            cy_int_mask = "1111111"
            cy_md_select = "0100111"
        }
        Clock Polarity: Active High
        Clock Enable: True
    </CYPRESSTAG>
    <CYPRESSTAG name="Sync listing">
    </CYPRESSTAG>
    <CYPRESSTAG name="Control register listing">

    ------------------------------------------------------------
    Control register listing
    ------------------------------------------------------------

    controlcell: Name =\Control_Reg_1:Sync:ctrl_reg\
        PORT MAP (
            control_7 => \Control_Reg_1:control_7\ ,
            control_6 => \Control_Reg_1:control_6\ ,
            control_5 => \Control_Reg_1:control_5\ ,
            control_4 => \Control_Reg_1:control_4\ ,
            control_3 => \Control_Reg_1:control_3\ ,
            control_2 => \Control_Reg_1:control_2\ ,
            control_1 => \Control_Reg_1:control_1\ ,
            control_0 => Net_1065 );
        Properties:
        {
            cy_ctrl_mode_0 = "00000000"
            cy_ctrl_mode_1 = "00000000"
            cy_ext_reset = 0
            cy_force_order = 1
            cy_init_value = "00000000"
        }
        Clock Enable: True

    controlcell: Name =\IR_PWM:PWMUDB:genblk1:ctrlreg\
        PORT MAP (
            clock => Net_865 ,
            control_7 => \IR_PWM:PWMUDB:control_7\ ,
            control_6 => \IR_PWM:PWMUDB:control_6\ ,
            control_5 => \IR_PWM:PWMUDB:control_5\ ,
            control_4 => \IR_PWM:PWMUDB:control_4\ ,
            control_3 => \IR_PWM:PWMUDB:control_3\ ,
            control_2 => \IR_PWM:PWMUDB:control_2\ ,
            control_1 => \IR_PWM:PWMUDB:control_1\ ,
            control_0 => \IR_PWM:PWMUDB:control_0\ );
        Properties:
        {
            cy_ctrl_mode_0 = "11111111"
            cy_ctrl_mode_1 = "00000000"
            cy_ext_reset = 0
            cy_force_order = 1
            cy_init_value = "00000000"
        }
        Clock Polarity: Active High
        Clock Enable: True
    </CYPRESSTAG>
    <CYPRESSTAG name="Count7 listing">
    </CYPRESSTAG>
    <CYPRESSTAG name="DRQ listing">
    </CYPRESSTAG>
    <CYPRESSTAG name="Interrupt listing">
    </CYPRESSTAG>
</CYPRESSTAG>
<CYPRESSTAG name="Technology mapping summary" expanded>

------------------------------------------------------------
Technology mapping summary
------------------------------------------------------------

Resource Type                 : Used : Free :  Max :  % Used
============================================================
Digital Clocks                :    1 :    7 :    8 : 12.50 %
Analog Clocks                 :    0 :    4 :    4 :  0.00 %
CapSense Buffers              :    0 :    2 :    2 :  0.00 %
Digital Filter Block          :    0 :    1 :    1 :  0.00 %
Interrupts                    :    0 :   32 :   32 :  0.00 %
IO                            :    5 :   43 :   48 : 10.42 %
Segment LCD                   :    0 :    1 :    1 :  0.00 %
CAN 2.0b                      :    0 :    1 :    1 :  0.00 %
I2C                           :    0 :    1 :    1 :  0.00 %
USB                           :    0 :    1 :    1 :  0.00 %
DMA Channels                  :    0 :   24 :   24 :  0.00 %
Timer                         :    0 :    4 :    4 :  0.00 %
UDB                           :      :      :      :        
  Macrocells                  :    6 :  186 :  192 :  3.13 %
  Unique P-terms              :    6 :  378 :  384 :  1.56 %
  Total P-terms               :    6 :      :      :        
  Datapath Cells              :    2 :   22 :   24 :  8.33 %
  Status Cells                :    1 :   23 :   24 :  4.17 %
    StatusI Registers         :    1 :      :      :        
  Control Cells               :    2 :   22 :   24 :  8.33 %
    Control Registers         :    2 :      :      :        
Opamp                         :    0 :    4 :    4 :  0.00 %
Comparator                    :    0 :    4 :    4 :  0.00 %
Delta-Sigma ADC               :    0 :    1 :    1 :  0.00 %
LPF                           :    0 :    2 :    2 :  0.00 %
SAR ADC                       :    0 :    2 :    2 :  0.00 %
Analog (SC/CT) Blocks         :    0 :    4 :    4 :  0.00 %
DAC                           :      :      :      :        
  VIDAC                       :    0 :    4 :    4 :  0.00 %
</CYPRESSTAG>
Technology Mapping: Elapsed time ==> 0s.069ms
Tech Mapping phase: Elapsed time ==> 0s.149ms
</CYPRESSTAG>
<CYPRESSTAG name="Analog Placement">
Initial Analog Placement Results:
IO_0@[IOP=(2)][IoId=(0)] : Pin_IR(0) (fixed)
IO_1@[IOP=(2)][IoId=(1)] : Pin_LED(0) (fixed)
Analog Placement phase: Elapsed time ==> 0s.022ms
</CYPRESSTAG>
<CYPRESSTAG name="Analog Routing">
Analog Routing phase: Elapsed time ==> 0s.000ms
</CYPRESSTAG>
<CYPRESSTAG name="Analog Code Generation">
============ Analog Final Answer Routes ============
Dump of CyAnalogRoutingResultsDB
Map of net to items {
}
Map of item to net {
}
Mux Info {
}
Dump of CyP35AnalogRoutingResultsDB
IsVddaHalfUsedForComp = False
IsVddaHalfUsedForSar0 = False
IsVddaHalfUsedForSar1 = False
Analog Code Generation phase: Elapsed time ==> 0s.299ms
</CYPRESSTAG>
<CYPRESSTAG name="Digital Placement">
<CYPRESSTAG name="Detailed placement messages">
I2076: Total run-time: 0.5 sec.

</CYPRESSTAG>
<CYPRESSTAG name="PLD Packing">
<CYPRESSTAG name="PLD Packing Summary" expanded>

------------------------------------------------------------
PLD Packing Summary
------------------------------------------------------------
            Resource Type : Used : Free :  Max :  % Used
    ====================================================
                     PLDs :    2 :   46 :   48 :   4.17%

<CYPRESSTAG name="PLD Statistics">

        PLD Resource Type :     Average/LAB
    =======================================
                   Inputs :            4.00
                   Pterms :            3.00
               Macrocells :            3.00
</CYPRESSTAG>
<CYPRESSTAG name="Packed PLD Contents">
Packed PLD Contents not displayed at this verbose level.</CYPRESSTAG>
</CYPRESSTAG>
PLD Packing: Elapsed time ==> 0s.000ms
</CYPRESSTAG>
<CYPRESSTAG name="Partitioning">
<CYPRESSTAG name="Initial Partitioning Summary">
Initial Partitioning Summary not displayed at this verbose level.</CYPRESSTAG>
<CYPRESSTAG name="Final Partitioning Summary">
Final Partitioning Summary not displayed at this verbose level.</CYPRESSTAG>
Partitioning: Elapsed time ==> 0s.008ms
</CYPRESSTAG>
<CYPRESSTAG name="Final Placement Summary">

------------------------------------------------------------
Final Placement Summary
------------------------------------------------------------

       Resource Type :      Count : Avg Inputs : Avg Outputs
    ========================================================
                 UDB :          2 :       3.50 :       3.00
<CYPRESSTAG name="Final Placement Details">
<CYPRESSTAG name="Component Details">

------------------------------------------------------------
Component Placement Details
------------------------------------------------------------
UDB [UDB=(0,0)] is empty.
UDB [UDB=(0,1)] is empty.
UDB [UDB=(0,2)] is empty.
UDB [UDB=(0,3)] is empty.
UDB [UDB=(0,4)] contents:
LAB@[UDB=(0,4)][LB=0] #macrocells=4, #inputs=6, #pterms=4
{
    [McSlotId=0]:     MacroCell: Name=\IR_PWM:PWMUDB:runmode_enable\, Mode=(D-Register) @ [UDB=(0,4)][LB=0][MC=0]
        Total # of inputs        : 1
        Total # of product terms : 1
        List of special equations: 
            Clock  = (Net_865) => Global
            Clock Enable: True
        Main Equation            : 1 pterm
        (
              \IR_PWM:PWMUDB:control_7\
        );
        Output = \IR_PWM:PWMUDB:runmode_enable\ (fanout=4)
        Properties               : 
        {
        }

    [McSlotId=1]:     MacroCell: Name=\IR_PWM:PWMUDB:status_2\, Mode=(Combinatorial) @ [UDB=(0,4)][LB=0][MC=1]
        Total # of inputs        : 2
        Total # of product terms : 1
            Clock Enable: True
        Main Equation            : 1 pterm
        (
              \IR_PWM:PWMUDB:runmode_enable\ * \IR_PWM:PWMUDB:tc_i\
        );
        Output = \IR_PWM:PWMUDB:status_2\ (fanout=1)
        Properties               : 
        {
        }

    [McSlotId=2]:     MacroCell: Name=Net_1064, Mode=(D-Register) @ [UDB=(0,4)][LB=0][MC=2]
        Total # of inputs        : 2
        Total # of product terms : 1
        List of special equations: 
            Clock  = (Net_865) => Global
            Clock Enable: True
        Main Equation            : 1 pterm
        (
              \IR_PWM:PWMUDB:runmode_enable\ * \IR_PWM:PWMUDB:cmp1_less\
        );
        Output = Net_1064 (fanout=1)
        Properties               : 
        {
        }

    [McSlotId=3]:     MacroCell: Name=Net_1066, Mode=(Combinatorial) @ [UDB=(0,4)][LB=0][MC=3]
        Total # of inputs        : 2
        Total # of product terms : 1
            Clock Enable: True
        Main Equation            : 1 pterm
        (
              Net_1065 * Net_1064
        );
        Output = Net_1066 (fanout=1)
        Properties               : 
        {
        }
}

LAB@[UDB=(0,4)][LB=1] #macrocells=2, #inputs=2, #pterms=2
{
    [McSlotId=0]:     MacroCell: Name=\IR_PWM:PWMUDB:prevCompare1\, Mode=(D-Register) @ [UDB=(0,4)][LB=1][MC=0]
        Total # of inputs        : 1
        Total # of product terms : 1
        List of special equations: 
            Clock  = (Net_865) => Global
            Clock Enable: True
        Main Equation            : 1 pterm
        (
              \IR_PWM:PWMUDB:cmp1_less\
        );
        Output = \IR_PWM:PWMUDB:prevCompare1\ (fanout=1)
        Properties               : 
        {
        }

    [McSlotId=1]:     MacroCell: Name=\IR_PWM:PWMUDB:status_0\, Mode=(D-Register) @ [UDB=(0,4)][LB=1][MC=1]
        Total # of inputs        : 2
        Total # of product terms : 1
        List of special equations: 
            Clock  = (Net_865) => Global
            Clock Enable: True
        Main Equation            : 1 pterm
        (
              !\IR_PWM:PWMUDB:prevCompare1\ * \IR_PWM:PWMUDB:cmp1_less\
        );
        Output = \IR_PWM:PWMUDB:status_0\ (fanout=1)
        Properties               : 
        {
        }

    [McSlotId=2]: (empty)
    [McSlotId=3]: (empty)
}

datapathcell: Name =\IR_PWM:PWMUDB:sP16:pwmdp:u1\
    PORT MAP (
        clock => Net_865 ,
        cs_addr_2 => \IR_PWM:PWMUDB:tc_i\ ,
        cs_addr_1 => \IR_PWM:PWMUDB:runmode_enable\ ,
        cl0_comb => \IR_PWM:PWMUDB:cmp1_less\ ,
        z0_comb => \IR_PWM:PWMUDB:tc_i\ ,
        f1_blk_stat_comb => \IR_PWM:PWMUDB:status_3\ ,
        chain_in => \IR_PWM:PWMUDB:sP16:pwmdp:carry\ );
    Properties:
    {
        a0_init = "00000000"
        a1_init = "00000000"
        ce0_sync = 1
        ce1_sync = 1
        cl0_sync = 1
        cl1_sync = 1
        cmsb_sync = 1
        co_msb_sync = 1
        cy_dpconfig = "0000000001000000000000001100000001000000010000000000000011000000000000001100000000000000110000000000000011000000000000001100000011111111000000001111111111111111101011110000000000000100000011110000000000011000"
        d0_init = "00000000"
        d1_init = "00000000"
        f0_blk_sync = 1
        f0_bus_sync = 1
        f1_blk_sync = 1
        f1_bus_sync = 1
        ff0_sync = 1
        ff1_sync = 1
        ov_msb_sync = 1
        so_sync = 1
        z0_sync = 1
        z1_sync = 1
    }
    Clock Polarity: Active High
    Clock Enable: True
    Previous in chain : \IR_PWM:PWMUDB:sP16:pwmdp:u0\

statusicell: Name =\IR_PWM:PWMUDB:genblk8:stsreg\
    PORT MAP (
        clock => Net_865 ,
        status_3 => \IR_PWM:PWMUDB:status_3\ ,
        status_2 => \IR_PWM:PWMUDB:status_2\ ,
        status_0 => \IR_PWM:PWMUDB:status_0\ );
    Properties:
    {
        cy_force_order = 1
        cy_int_mask = "1111111"
        cy_md_select = "0100111"
    }
    Clock Polarity: Active High
    Clock Enable: True

controlcell: Name =\IR_PWM:PWMUDB:genblk1:ctrlreg\
    PORT MAP (
        clock => Net_865 ,
        control_7 => \IR_PWM:PWMUDB:control_7\ ,
        control_6 => \IR_PWM:PWMUDB:control_6\ ,
        control_5 => \IR_PWM:PWMUDB:control_5\ ,
        control_4 => \IR_PWM:PWMUDB:control_4\ ,
        control_3 => \IR_PWM:PWMUDB:control_3\ ,
        control_2 => \IR_PWM:PWMUDB:control_2\ ,
        control_1 => \IR_PWM:PWMUDB:control_1\ ,
        control_0 => \IR_PWM:PWMUDB:control_0\ );
    Properties:
    {
        cy_ctrl_mode_0 = "11111111"
        cy_ctrl_mode_1 = "00000000"
        cy_ext_reset = 0
        cy_force_order = 1
        cy_init_value = "00000000"
    }
    Clock Polarity: Active High
    Clock Enable: True

UDB [UDB=(0,5)] is empty.
UDB [UDB=(1,0)] is empty.
UDB [UDB=(1,1)] is empty.
UDB [UDB=(1,2)] is empty.
UDB [UDB=(1,3)] is empty.
UDB [UDB=(1,4)] contents:
datapathcell: Name =\IR_PWM:PWMUDB:sP16:pwmdp:u0\
    PORT MAP (
        clock => Net_865 ,
        cs_addr_2 => \IR_PWM:PWMUDB:tc_i\ ,
        cs_addr_1 => \IR_PWM:PWMUDB:runmode_enable\ ,
        chain_out => \IR_PWM:PWMUDB:sP16:pwmdp:carry\ );
    Properties:
    {
        a0_init = "00000000"
        a1_init = "00000000"
        ce0_sync = 1
        ce1_sync = 1
        cl0_sync = 1
        cl1_sync = 1
        cmsb_sync = 1
        co_msb_sync = 1
        cy_dpconfig = "0000000001000000000000001100000001000000010000000000000011000000000000001100000000000000110000000000000011000000000000001100000011111111000000001111111111111111101000000000000000000100000000000000000000011000"
        d0_init = "00000000"
        d1_init = "00000000"
        f0_blk_sync = 1
        f0_bus_sync = 1
        f1_blk_sync = 1
        f1_bus_sync = 1
        ff0_sync = 1
        ff1_sync = 1
        ov_msb_sync = 1
        so_sync = 1
        z0_sync = 1
        z1_sync = 1
    }
    Clock Polarity: Active High
    Clock Enable: True
    Next in chain : \IR_PWM:PWMUDB:sP16:pwmdp:u1\

controlcell: Name =\Control_Reg_1:Sync:ctrl_reg\
    PORT MAP (
        control_7 => \Control_Reg_1:control_7\ ,
        control_6 => \Control_Reg_1:control_6\ ,
        control_5 => \Control_Reg_1:control_5\ ,
        control_4 => \Control_Reg_1:control_4\ ,
        control_3 => \Control_Reg_1:control_3\ ,
        control_2 => \Control_Reg_1:control_2\ ,
        control_1 => \Control_Reg_1:control_1\ ,
        control_0 => Net_1065 );
    Properties:
    {
        cy_ctrl_mode_0 = "00000000"
        cy_ctrl_mode_1 = "00000000"
        cy_ext_reset = 0
        cy_force_order = 1
        cy_init_value = "00000000"
    }
    Clock Enable: True

UDB [UDB=(1,5)] is empty.
UDB [UDB=(2,0)] is empty.
UDB [UDB=(2,1)] is empty.
UDB [UDB=(2,2)] is empty.
UDB [UDB=(2,3)] is empty.
UDB [UDB=(2,4)] is empty.
UDB [UDB=(2,5)] is empty.
UDB [UDB=(3,0)] is empty.
UDB [UDB=(3,1)] is empty.
UDB [UDB=(3,2)] is empty.
UDB [UDB=(3,3)] is empty.
UDB [UDB=(3,4)] is empty.
UDB [UDB=(3,5)] is empty.
Intr container @ [IntrContainer=(0)]: empty
Drq container @ [DrqContainer=(0)]: empty
Port 0 contains the following IO cells:
Port 1 contains the following IO cells:
Port 2 contains the following IO cells:
[IoId=0]: 
Pin : Name = Pin_IR(0)
    Attributes:
        In Group/Port: True
        In Sync Option: AUTO
        Out Sync Option: NOSYNC
        Interrupt generated: False
        Interrupt mode: NONE
        Drive mode: CMOS_OUT
        VTrip: EITHER
        Slew: FAST
        Input Sync needed: False
        Output Sync needed: False
        SC shield enabled: False
        POR State: ANY
        LCD Mode: COMMON
        Register Mode: RegComb
        CaSense Mode: NEITHER
        Treat as pin: True
        Is OE Registered: False
        Uses Analog: False
        Can contain Digital: True
        Is SIO: False
        SIO Output Buf: NONREGULATED
        SIO Input Buf: SINGLE_ENDED
        SIO HiFreq: LOW
        SIO Hyst: DISABLED
        SIO Vtrip: MULTIPLIER_0_5
        SIO Multiplier Index: 0
        SIO RefSel: VCC_IO
        Required Capabilities: DIGITAL, ROUTABLE
        Initial Value: 0
        IO Voltage: 0
    PORT MAP (
        pa_out => Pin_IR(0)__PA ,
        pin_input => Net_1066 ,
        pad => Pin_IR(0)_PAD );
    Properties:
    {
    }

[IoId=1]: 
Pin : Name = Pin_LED(0)
    Attributes:
        In Group/Port: True
        In Sync Option: AUTO
        Out Sync Option: NOSYNC
        Interrupt generated: False
        Interrupt mode: NONE
        Drive mode: CMOS_OUT
        VTrip: EITHER
        Slew: FAST
        Input Sync needed: False
        Output Sync needed: False
        SC shield enabled: False
        POR State: ANY
        LCD Mode: COMMON
        Register Mode: RegComb
        CaSense Mode: NEITHER
        Treat as pin: True
        Is OE Registered: False
        Uses Analog: False
        Can contain Digital: True
        Is SIO: False
        SIO Output Buf: NONREGULATED
        SIO Input Buf: SINGLE_ENDED
        SIO HiFreq: LOW
        SIO Hyst: DISABLED
        SIO Vtrip: MULTIPLIER_0_5
        SIO Multiplier Index: 0
        SIO RefSel: VCC_IO
        Required Capabilities: DIGITAL
        Initial Value: 0
        IO Voltage: 0
    PORT MAP (
        pa_out => Pin_LED(0)__PA ,
        annotation => Net_2 ,
        pad => Pin_LED(0)_PAD );
    Properties:
    {
    }

Port 3 contains the following IO cells:
Port 12 contains the following IO cells:
Port 15 contains the following IO cells:
ARM group 0: empty
CAN group 0: empty
Cache group 0: empty
CapSense group 0: empty
Clock group 0: 
    Clock Block @ F(Clock,0): 
    clockblockcell: Name =ClockBlock
        PORT MAP (
            imo => ClockBlock_IMO ,
            pllout => ClockBlock_PLL_OUT ,
            ilo => ClockBlock_ILO ,
            clk_100k => ClockBlock_100k ,
            clk_1k => ClockBlock_1k ,
            clk_32k => ClockBlock_32k ,
            xtal => ClockBlock_XTAL ,
            clk_32k_xtal => ClockBlock_XTAL_32KHZ ,
            clk_sync => ClockBlock_MASTER_CLK ,
            clk_bus_glb => ClockBlock_BUS_CLK ,
            clk_bus => ClockBlock_BUS_CLK_local ,
            dclk_glb_0 => Net_865 ,
            dclk_0 => Net_865_local );
        Properties:
        {
        }
Comparator group 0: empty
DFB group 0: empty
DSM group 0: empty
Decimator group 0: empty
EMIF group 0: empty
I2C group 0: empty
LCD group 0: empty
LVD group 0: empty
PICU group 0: empty
PM group 0: empty
SC group 0: empty
SPC group 0: empty
Timer group 0: empty
USB group 0: empty
VIDAC group 0: empty
OpAmp group 0: empty
CsAbuf group 0: empty
Vref group 0: empty
LPF group 0: empty
SAR group 0: empty
ANAIF group 0: empty
PHUB group 0: empty
</CYPRESSTAG>
<CYPRESSTAG name="Port Configuration Details">

------------------------------------------------------------
Port Configuration report
------------------------------------------------------------
     |     |       | Interrupt |                  |            | 
Port | Pin | Fixed |      Type |       Drive Mode |       Name | Connections
-----+-----+-------+-----------+------------------+------------+-------------
   2 |   0 |     * |      NONE |         CMOS_OUT |  Pin_IR(0) | In(Net_1066)
     |   1 |     * |      NONE |         CMOS_OUT | Pin_LED(0) | 
-----------------------------------------------------------------------------
</CYPRESSTAG>
</CYPRESSTAG>
</CYPRESSTAG>
Digital component placer commit/Report: Elapsed time ==> 0s.010ms
Digital Placement phase: Elapsed time ==> 0s.707ms
</CYPRESSTAG>
<CYPRESSTAG name="Digital Routing">
"C:\Program Files (x86)\Cypress\PSoC Creator\4.2\PSoC Creator\bin/sjrouter.exe" --xml-path "C:\Users\janvl\Documents\PSoC Creator\4.2\Devices\psoc5/psoc5lp/route_arch-rrg.cydata" --vh2-path "Blinky_r.vh2" --pcf-path "Blinky.pco" --des-name "Blinky" --dsf-path "Blinky.dsf" --sdc-path "Blinky.sdc" --lib-path "Blinky_r.lib"
Routing successful.
Digital Routing phase: Elapsed time ==> 1s.066ms
</CYPRESSTAG>
<CYPRESSTAG name="Bitstream Generation">
Bitstream Generation phase: Elapsed time ==> 0s.176ms
</CYPRESSTAG>
<CYPRESSTAG name="Bitstream Verification">
Bitstream Verification phase: Elapsed time ==> 0s.051ms
</CYPRESSTAG>
<CYPRESSTAG name="Static timing analysis">
Timing report is in Blinky_timing.html.
Static timing analysis phase: Elapsed time ==> 0s.199ms
</CYPRESSTAG>
<CYPRESSTAG name="Data reporting">
Data reporting phase: Elapsed time ==> 0s.000ms
</CYPRESSTAG>
<CYPRESSTAG name="Database update...">
Design database save phase: Elapsed time ==> 0s.181ms
</CYPRESSTAG>
cydsfit: Elapsed time ==> 2s.882ms
</CYPRESSTAG>
Fitter phase: Elapsed time ==> 2s.882ms
API generation phase: Elapsed time ==> 0s.758ms
Dependency generation phase: Elapsed time ==> 0s.012ms
Cleanup phase: Elapsed time ==> 0s.000ms
